<?xml version="1.0" encoding="UTF-8"?>
<!-- Generated by org.testng.reporters.JUnitReportReporter -->
<testsuite skipped="0" hostname="LAPTOP-M1LAL2CB" name="Runner.Runnercucumber" tests="5" failures="0" timestamp="2022-11-05T10:24:30 IST" time="6.508" errors="0">
  <testcase name="runScenario" time="0.177" classname="Runner.Runnercucumber"/>
  <system-out/>
  <testcase name="runScenario" time="4.036" classname="Runner.Runnercucumber"/>
  <system-out/>
  <testcase name="runScenario" time="0.248" classname="Runner.Runnercucumber"/>
  <system-out/>
  <testcase name="runScenario" time="1.396" classname="Runner.Runnercucumber"/>
  <system-out/>
  <testcase name="runScenario" time="0.651" classname="Runner.Runnercucumber"/>
  <system-out/>
</testsuite> <!-- Runner.Runnercucumber -->
