<?xml version="1.0" encoding="UTF-8"?>
<!-- Generated by org.testng.reporters.JUnitReportReporter -->
<testsuite skipped="0" hostname="LAPTOP-M1LAL2CB" name="Runner.Runnercucumber" tests="5" failures="0" timestamp="2022-11-04T12:54:05 IST" time="20.826" errors="0">
  <testcase name="runScenario" time="0.193" classname="Runner.Runnercucumber"/>
  <system-out/>
  <testcase name="runScenario" time="15.604" classname="Runner.Runnercucumber"/>
  <system-out/>
  <testcase name="runScenario" time="1.314" classname="Runner.Runnercucumber"/>
  <system-out/>
  <testcase name="runScenario" time="3.019" classname="Runner.Runnercucumber"/>
  <system-out/>
  <testcase name="runScenario" time="0.696" classname="Runner.Runnercucumber"/>
  <system-out/>
</testsuite> <!-- Runner.Runnercucumber -->
